<?xml version="1.0" encoding="UTF-8"?>
<!-- Generated by org.testng.reporters.JUnitReportReporter -->
<testsuite hostname="DESKTOP-CEPH6CU" failures="0" tests="6" name="Academy.HomePage" time="115.180" errors="0" timestamp="2022-07-28T12:32:56 IST" skipped="0">
  <testcase classname="Academy.HomePage" name="basesearch" time="17.767"/>
  <system-out>
    <![CDATA[ Incoorect Log
VIVO Y15C (3/64 GB) Mobile Here is the search product name
₹11429 Here is the search product name]]>
  </system-out>
  <testcase classname="Academy.HomePage" name="basesearch" time="19.696"/>
  <system-out>
    <![CDATA[ Incoorect Log
Nike Unisex Black ,Grey, White Cotton Ankle Length Socks - 3 Pairs Here is the search product name
₹129 Here is the search product name]]>
  </system-out>
  <testcase classname="Academy.HomePage" name="basePageNavigation" time="21.282"/>
  <system-out>
    <![CDATA[Wrong username has been entered :Restrcited User]]>
  </system-out>
  <testcase classname="Academy.HomePage" name="basesearch" time="18.877"/>
  <system-out>
    <![CDATA[ Incoorect Log
Eglob Men Black Round Dial Leather Analog Casual Watch Here is the search product name
₹179 Here is the search product name]]>
  </system-out>
  <testcase classname="Academy.HomePage" name="basesearch" time="19.191"/>
  <system-out>
    <![CDATA[ Incoorect Log
Digimate MDR-XB450 Extra Bass Over the Ear Wired Headphones Here is the search product name
₹279 Here is the search product name]]>
  </system-out>
  <testcase classname="Academy.HomePage" name="basePageNavigation" time="18.367"/>
  <system-out>
    <![CDATA[Wrong username has been entered :restricted user]]>
  </system-out>
</testsuite> <!-- Academy.HomePage -->
