<?xml version="1.0" encoding="UTF-8"?>
<!-- Generated by org.testng.reporters.JUnitReportReporter -->
<testsuite skipped="0" hostname="DESKTOP-CEPH6CU" name="Academy.validateNavigationBar" tests="1" failures="0" timestamp="2021-08-07T22:52:59 IST" time="0.070" errors="0">
  <testcase name="validateAppNavBar" time="0.070" classname="Academy.validateNavigationBar"/>
  <system-out/>
</testsuite> <!-- Academy.validateNavigationBar -->
